<?xml version="1.0" encoding="UTF-8"?>
<!-- Generated by org.testng.reporters.JUnitReportReporter -->
<testsuite hostname="DESKTOP-T5J9HRI" failures="0" tests="2" name="com.test.webservice.scripts.TekarchApiGetAllUsers" time="22.450" errors="0" timestamp="2023-11-19T23:34:15 CST" skipped="0">
  <testcase classname="com.test.webservice.scripts.TekarchApiGetAllUsers" name="loginToApi" time="2.046"/>
  <system-out/>
  <testcase classname="com.test.webservice.scripts.TekarchApiGetAllUsers" name="getUsers" time="20.404"/>
  <system-out/>
</testsuite> <!-- com.test.webservice.scripts.TekarchApiGetAllUsers -->
