<?xml version="1.0" encoding="UTF-8"?>
<!-- Generated by org.testng.reporters.JUnitReportReporter -->
<testsuite hostname="DESKTOP-T5J9HRI" failures="0" tests="2" name="com.test.webservice.scripts.TekarchApis" time="7.306" errors="0" timestamp="2023-11-20T10:36:11 CST" skipped="0">
  <testcase classname="com.test.webservice.scripts.TekarchApis" name="loginToApi" time="2.482"/>
  <system-out/>
  <testcase classname="com.test.webservice.scripts.TekarchApis" name="deleteUSerSchema" time="4.824"/>
  <system-out/>
</testsuite> <!-- com.test.webservice.scripts.TekarchApis -->
